TN:
SF:/Users/zhuxiansheng/Documents/demo/Web3-Frontend-Bootcamp/members/missop/task5/contracts/contracts/MissopToken.sol
FN:7,constructor
FN:12,decimals
FNF:2
FNH:2
FNDA:6,constructor
FNDA:1,decimals
DA:9,6
DA:13,1
LF:2
LH:2
BRF:0
BRH:0
end_of_record
TN:
SF:/Users/zhuxiansheng/Documents/demo/Web3-Frontend-Bootcamp/members/missop/task5/contracts/contracts/NftMarket.sol
FN:54,constructor
FN:58,listNft
FN:91,unlistNft
FN:107,buyNft
FN:132,getListsArray
FNF:5
FNH:1
FNDA:3,constructor
FNDA:0,listNft
FNDA:0,unlistNft
FNDA:0,buyNft
FNDA:0,getListsArray
DA:55,3
DA:64,0
DA:65,0
DA:66,0
DA:68,0
DA:69,0
DA:71,0
DA:72,0
DA:74,0
DA:75,0
DA:84,0
DA:85,0
DA:88,0
DA:92,0
DA:93,0
DA:94,0
DA:96,0
DA:97,0
DA:98,0
DA:100,0
DA:101,0
DA:103,0
DA:104,0
DA:108,0
DA:109,0
DA:110,0
DA:112,0
DA:114,0
DA:121,0
DA:123,0
DA:124,0
DA:125,0
DA:135,0
DA:136,0
DA:137,0
DA:138,0
DA:140,0
LF:37
LH:1
BRDA:65,1,0,0
BRDA:65,1,1,0
BRDA:68,2,0,0
BRDA:68,2,1,0
BRDA:71,3,0,0
BRDA:71,3,1,0
BRDA:93,4,0,0
BRDA:93,4,1,0
BRDA:97,5,0,0
BRDA:97,5,1,0
BRDA:100,6,0,0
BRDA:100,6,1,0
BRDA:109,7,0,0
BRDA:109,7,1,0
BRDA:114,8,0,0
BRDA:114,8,1,0
BRF:16
BRH:0
end_of_record
TN:
SF:/Users/zhuxiansheng/Documents/demo/Web3-Frontend-Bootcamp/members/missop/task5/contracts/contracts/NftToken.sol
FN:12,constructor
FN:16,mint
FNF:2
FNH:2
FNDA:3,constructor
FNDA:1,mint
DA:13,3
DA:17,1
DA:18,1
DA:19,1
LF:4
LH:4
BRF:0
BRH:0
end_of_record
