{"contracts/MissopToken.sol":{"l":{"9":6,"13":1},"path":"/Users/zhuxiansheng/Documents/demo/Web3-Frontend-Bootcamp/members/missop/task5/contracts/contracts/MissopToken.sol","s":{"1":6,"2":1},"b":{},"f":{"1":6,"2":1},"fnMap":{"1":{"name":"constructor","line":7,"loc":{"start":{"line":7,"column":4},"end":{"line":10,"column":4}}},"2":{"name":"decimals","line":12,"loc":{"start":{"line":12,"column":4},"end":{"line":14,"column":4}}}},"statementMap":{"1":{"start":{"line":9,"column":8},"end":{"line":9,"column":43}},"2":{"start":{"line":13,"column":8},"end":{"line":13,"column":17}}},"branchMap":{}},"contracts/NftMarket.sol":{"l":{"55":3,"64":0,"65":0,"66":0,"68":0,"69":0,"71":0,"72":0,"74":0,"75":0,"84":0,"85":0,"88":0,"92":0,"93":0,"94":0,"96":0,"97":0,"98":0,"100":0,"101":0,"103":0,"104":0,"108":0,"109":0,"110":0,"112":0,"114":0,"121":0,"123":0,"124":0,"125":0,"135":0,"136":0,"137":0,"138":0,"140":0},"path":"/Users/zhuxiansheng/Documents/demo/Web3-Frontend-Bootcamp/members/missop/task5/contracts/contracts/NftMarket.sol","s":{"1":0,"2":0,"3":0,"4":0,"5":0,"6":0,"7":0,"8":0,"9":0,"10":0,"11":0,"12":0,"13":0,"14":0,"15":0,"16":0,"17":0,"18":0,"19":0,"20":0,"21":0,"22":0,"23":0,"24":0},"b":{"1":[0,0],"2":[0,0],"3":[0,0],"4":[0,0],"5":[0,0],"6":[0,0],"7":[0,0],"8":[0,0]},"f":{"1":3,"2":0,"3":0,"4":0,"5":0},"fnMap":{"1":{"name":"constructor","line":54,"loc":{"start":{"line":54,"column":4},"end":{"line":56,"column":4}}},"2":{"name":"listNft","line":58,"loc":{"start":{"line":58,"column":4},"end":{"line":89,"column":4}}},"3":{"name":"unlistNft","line":91,"loc":{"start":{"line":91,"column":4},"end":{"line":105,"column":4}}},"4":{"name":"buyNft","line":107,"loc":{"start":{"line":107,"column":4},"end":{"line":126,"column":4}}},"5":{"name":"getListsArray","line":132,"loc":{"start":{"line":132,"column":4},"end":{"line":141,"column":4}}}},"statementMap":{"1":{"start":{"line":64,"column":8},"end":{"line":64,"column":43}},"2":{"start":{"line":65,"column":8},"end":{"line":65,"column":1745}},"3":{"start":{"line":68,"column":8},"end":{"line":68,"column":1875}},"4":{"start":{"line":71,"column":8},"end":{"line":71,"column":2008}},"5":{"start":{"line":74,"column":8},"end":{"line":74,"column":42}},"6":{"start":{"line":75,"column":8},"end":{"line":75,"column":2183}},"7":{"start":{"line":85,"column":8},"end":{"line":85,"column":31}},"8":{"start":{"line":88,"column":8},"end":{"line":88,"column":64}},"9":{"start":{"line":92,"column":8},"end":{"line":92,"column":64}},"10":{"start":{"line":93,"column":8},"end":{"line":93,"column":2709}},"11":{"start":{"line":96,"column":8},"end":{"line":96,"column":43}},"12":{"start":{"line":97,"column":8},"end":{"line":97,"column":2849}},"13":{"start":{"line":100,"column":8},"end":{"line":100,"column":2980}},"14":{"start":{"line":104,"column":8},"end":{"line":104,"column":60}},"15":{"start":{"line":108,"column":8},"end":{"line":108,"column":67}},"16":{"start":{"line":109,"column":8},"end":{"line":109,"column":3353}},"17":{"start":{"line":112,"column":8},"end":{"line":112,"column":43}},"18":{"start":{"line":114,"column":8},"end":{"line":114,"column":3525}},"19":{"start":{"line":123,"column":8},"end":{"line":123,"column":65}},"20":{"start":{"line":125,"column":8},"end":{"line":125,"column":76}},"21":{"start":{"line":135,"column":8},"end":{"line":135,"column":68}},"22":{"start":{"line":136,"column":8},"end":{"line":136,"column":4189}},"23":{"start":{"line":137,"column":12},"end":{"line":137,"column":73}},"24":{"start":{"line":140,"column":8},"end":{"line":140,"column":23}}},"branchMap":{"1":{"line":65,"type":"if","locations":[{"start":{"line":65,"column":8},"end":{"line":65,"column":8}},{"start":{"line":65,"column":8},"end":{"line":65,"column":8}}]},"2":{"line":68,"type":"if","locations":[{"start":{"line":68,"column":8},"end":{"line":68,"column":8}},{"start":{"line":68,"column":8},"end":{"line":68,"column":8}}]},"3":{"line":71,"type":"if","locations":[{"start":{"line":71,"column":8},"end":{"line":71,"column":8}},{"start":{"line":71,"column":8},"end":{"line":71,"column":8}}]},"4":{"line":93,"type":"if","locations":[{"start":{"line":93,"column":8},"end":{"line":93,"column":8}},{"start":{"line":93,"column":8},"end":{"line":93,"column":8}}]},"5":{"line":97,"type":"if","locations":[{"start":{"line":97,"column":8},"end":{"line":97,"column":8}},{"start":{"line":97,"column":8},"end":{"line":97,"column":8}}]},"6":{"line":100,"type":"if","locations":[{"start":{"line":100,"column":8},"end":{"line":100,"column":8}},{"start":{"line":100,"column":8},"end":{"line":100,"column":8}}]},"7":{"line":109,"type":"if","locations":[{"start":{"line":109,"column":8},"end":{"line":109,"column":8}},{"start":{"line":109,"column":8},"end":{"line":109,"column":8}}]},"8":{"line":114,"type":"if","locations":[{"start":{"line":114,"column":8},"end":{"line":114,"column":8}},{"start":{"line":114,"column":8},"end":{"line":114,"column":8}}]}}},"contracts/NftToken.sol":{"l":{"13":3,"17":1,"18":1,"19":1},"path":"/Users/zhuxiansheng/Documents/demo/Web3-Frontend-Bootcamp/members/missop/task5/contracts/contracts/NftToken.sol","s":{"1":3,"2":1,"3":1,"4":1},"b":{},"f":{"1":3,"2":1},"fnMap":{"1":{"name":"constructor","line":12,"loc":{"start":{"line":12,"column":4},"end":{"line":14,"column":4}}},"2":{"name":"mint","line":16,"loc":{"start":{"line":16,"column":4},"end":{"line":20,"column":4}}}},"statementMap":{"1":{"start":{"line":13,"column":8},"end":{"line":13,"column":34}},"2":{"start":{"line":17,"column":8},"end":{"line":17,"column":51}},"3":{"start":{"line":18,"column":8},"end":{"line":18,"column":34}},"4":{"start":{"line":19,"column":8},"end":{"line":19,"column":29}}},"branchMap":{}}}